Determining if the function pcap_get_pfring_id exists failed with the following output:
Change Dir: /home/attelakir/CLionProjects/project/cmake-build-debug/CMakeFiles/CMakeTmp

Run Build Command(s):/usr/bin/make -f Makefile cmTC_beadc/fast && /usr/bin/make  -f CMakeFiles/cmTC_beadc.dir/build.make CMakeFiles/cmTC_beadc.dir/build
make[1]: вход в каталог «/home/attelakir/CLionProjects/project/cmake-build-debug/CMakeFiles/CMakeTmp»
Building C object CMakeFiles/cmTC_beadc.dir/CheckFunctionExists.c.o
/usr/bin/cc   -DCHECK_FUNCTION_EXISTS=pcap_get_pfring_id -o CMakeFiles/cmTC_beadc.dir/CheckFunctionExists.c.o -c /snap/clion/169/bin/cmake/linux/share/cmake-3.20/Modules/CheckFunctionExists.c
Linking C executable cmTC_beadc
/snap/clion/169/bin/cmake/linux/bin/cmake -E cmake_link_script CMakeFiles/cmTC_beadc.dir/link.txt --verbose=1
/usr/bin/cc  -DCHECK_FUNCTION_EXISTS=pcap_get_pfring_id CMakeFiles/cmTC_beadc.dir/CheckFunctionExists.c.o -o cmTC_beadc  -Wl,-rpath,/usr/local/lib /usr/local/lib/libpcap.so 
/usr/bin/ld: CMakeFiles/cmTC_beadc.dir/CheckFunctionExists.c.o: в функции «main»:
CheckFunctionExists.c:(.text+0x14): неопределённая ссылка на «pcap_get_pfring_id»
collect2: error: ld returned 1 exit status
make[1]: *** [CMakeFiles/cmTC_beadc.dir/build.make:100: cmTC_beadc] Ошибка 1
make[1]: выход из каталога «/home/attelakir/CLionProjects/project/cmake-build-debug/CMakeFiles/CMakeTmp»
make: *** [Makefile:127: cmTC_beadc/fast] Ошибка 2



Performing C SOURCE FILE Test CMAKE_HAVE_LIBC_PTHREAD failed with the following output:
Change Dir: /home/attelakir/CLionProjects/project/cmake-build-debug/CMakeFiles/CMakeTmp

Run Build Command(s):/usr/bin/make -f Makefile cmTC_b3388/fast && /usr/bin/make  -f CMakeFiles/cmTC_b3388.dir/build.make CMakeFiles/cmTC_b3388.dir/build
make[1]: вход в каталог «/home/attelakir/CLionProjects/project/cmake-build-debug/CMakeFiles/CMakeTmp»
Building C object CMakeFiles/cmTC_b3388.dir/src.c.o
/usr/bin/cc -DCMAKE_HAVE_LIBC_PTHREAD   -o CMakeFiles/cmTC_b3388.dir/src.c.o -c /home/attelakir/CLionProjects/project/cmake-build-debug/CMakeFiles/CMakeTmp/src.c
Linking C executable cmTC_b3388
/snap/clion/169/bin/cmake/linux/bin/cmake -E cmake_link_script CMakeFiles/cmTC_b3388.dir/link.txt --verbose=1
/usr/bin/cc CMakeFiles/cmTC_b3388.dir/src.c.o -o cmTC_b3388 
/usr/bin/ld: CMakeFiles/cmTC_b3388.dir/src.c.o: в функции «main»:
src.c:(.text+0x46): неопределённая ссылка на «pthread_create»
/usr/bin/ld: src.c:(.text+0x52): неопределённая ссылка на «pthread_detach»
/usr/bin/ld: src.c:(.text+0x5e): неопределённая ссылка на «pthread_cancel»
/usr/bin/ld: src.c:(.text+0x6f): неопределённая ссылка на «pthread_join»
collect2: error: ld returned 1 exit status
make[1]: *** [CMakeFiles/cmTC_b3388.dir/build.make:99: cmTC_b3388] Ошибка 1
make[1]: выход из каталога «/home/attelakir/CLionProjects/project/cmake-build-debug/CMakeFiles/CMakeTmp»
make: *** [Makefile:127: cmTC_b3388/fast] Ошибка 2


Source file was:
#include <pthread.h>

static void* test_func(void* data)
{
  return data;
}

int main(void)
{
  pthread_t thread;
  pthread_create(&thread, NULL, test_func, NULL);
  pthread_detach(thread);
  pthread_cancel(thread);
  pthread_join(thread, NULL);
  pthread_atfork(NULL, NULL, NULL);
  pthread_exit(NULL);

  return 0;
}

Determining if the function pthread_create exists in the pthreads failed with the following output:
Change Dir: /home/attelakir/CLionProjects/project/cmake-build-debug/CMakeFiles/CMakeTmp

Run Build Command(s):/usr/bin/make -f Makefile cmTC_c8fec/fast && /usr/bin/make  -f CMakeFiles/cmTC_c8fec.dir/build.make CMakeFiles/cmTC_c8fec.dir/build
make[1]: вход в каталог «/home/attelakir/CLionProjects/project/cmake-build-debug/CMakeFiles/CMakeTmp»
Building C object CMakeFiles/cmTC_c8fec.dir/CheckFunctionExists.c.o
/usr/bin/cc   -DCHECK_FUNCTION_EXISTS=pthread_create -o CMakeFiles/cmTC_c8fec.dir/CheckFunctionExists.c.o -c /snap/clion/169/bin/cmake/linux/share/cmake-3.20/Modules/CheckFunctionExists.c
Linking C executable cmTC_c8fec
/snap/clion/169/bin/cmake/linux/bin/cmake -E cmake_link_script CMakeFiles/cmTC_c8fec.dir/link.txt --verbose=1
/usr/bin/cc  -DCHECK_FUNCTION_EXISTS=pthread_create CMakeFiles/cmTC_c8fec.dir/CheckFunctionExists.c.o -o cmTC_c8fec  -lpthreads 
/usr/bin/ld: невозможно найти -lpthreads
collect2: error: ld returned 1 exit status
make[1]: *** [CMakeFiles/cmTC_c8fec.dir/build.make:99: cmTC_c8fec] Ошибка 1
make[1]: выход из каталога «/home/attelakir/CLionProjects/project/cmake-build-debug/CMakeFiles/CMakeTmp»
make: *** [Makefile:127: cmTC_c8fec/fast] Ошибка 2



